<?xml version="1.0" encoding="UTF-8"?>
<!-- Generated by org.testng.reporters.JUnitReportReporter -->
<testsuite hostname="pradeep-PC" name="MavenDummy.test1" tests="1" failures="0" timestamp="22 Jul 2018 15:04:36 GMT" time="0.043" errors="0">
  <testcase name="test" time="0.043" classname="MavenDummy.test1"/>
</testsuite> <!-- MavenDummy.test1 -->
